
state 0
	$accept: .start $end 
	stmt_list: .    (2)

	.  reduce 2 (src line 97)

	stmt_list  goto 2
	start  goto 1

state 1
	$accept:  start.$end 

	$end  accept
	.  error


state 2
	start:  stmt_list.    (1)
	stmt_list:  stmt_list.stmt 
	metric_hide_spec: .    (93)
	mark_pos: .    (121)

	$end  reduce 1 (src line 89)
	INVALID  shift 13
	CONST  shift 11
	HIDDEN  shift 25
	DEF  reduce 121 (src line 690)
	DEL  shift 20
	NEXT  shift 10
	OTHERWISE  shift 15
	STOP  shift 12
	BUILTIN  shift 44
	STRING  shift 38
	CAPREF  shift 36
	CAPREF_NAMED  shift 37
	ID  shift 46
	DECO  reduce 121 (src line 690)
	INTLITERAL  shift 40
	FLOATLITERAL  shift 41
	DIV  reduce 121 (src line 690)
	NOT  shift 33
	LPAREN  shift 39
	NL  shift 16
	.  reduce 93 (src line 520)

	stmt  goto 3
	conditional_stmt  goto 4
	conditional_expr  goto 14
	expr_stmt  goto 5
	expr  goto 17
	primary_expr  goto 30
	multiplicative_expr  goto 47
	additive_expr  goto 45
	postfix_expr  goto 24
	unary_expr  goto 29
	assign_expr  goto 23
	rel_expr  goto 32
	shift_expr  goto 42
	bitwise_expr  goto 27
	logical_expr  goto 22
	indexed_expr  goto 34
	id_expr  goto 43
	concat_expr  goto 26
	pattern_expr  goto 21
	metric_declaration  goto 6
	decorator_declaration  goto 7
	decoration_stmt  goto 8
	regex_pattern  goto 31
	match_expr  goto 28
	delete_stmt  goto 9
	builtin_expr  goto 35
	metric_hide_spec  goto 18
	mark_pos  goto 19

state 3
	stmt_list:  stmt_list stmt.    (3)

	.  reduce 3 (src line 102)


state 4
	stmt:  conditional_stmt.    (4)

	.  reduce 4 (src line 112)


state 5
	stmt:  expr_stmt.    (5)

	.  reduce 5 (src line 115)


state 6
	stmt:  metric_declaration.    (6)

	.  reduce 6 (src line 117)


state 7
	stmt:  decorator_declaration.    (7)

	.  reduce 7 (src line 119)


state 8
	stmt:  decoration_stmt.    (8)

	.  reduce 8 (src line 121)


state 9
	stmt:  delete_stmt.    (9)

	.  reduce 9 (src line 123)


state 10
	stmt:  NEXT.    (10)

	.  reduce 10 (src line 125)


state 11
	stmt:  CONST.id_expr concat_expr 

	ID  shift 46
	.  error

	id_expr  goto 48

state 12
	stmt:  STOP.    (12)

	.  reduce 12 (src line 133)


state 13
	stmt:  INVALID.    (13)

	.  reduce 13 (src line 137)


state 14
	conditional_stmt:  conditional_expr.compound_stmt ELSE compound_stmt 
	conditional_stmt:  conditional_expr.compound_stmt 

	LCURLY  shift 50
	.  error

	compound_stmt  goto 49

state 15
	conditional_stmt:  OTHERWISE.compound_stmt 

	LCURLY  shift 50
	.  error

	compound_stmt  goto 51

state 16
	expr_stmt:  NL.    (20)

	.  reduce 20 (src line 182)


state 17
	expr_stmt:  expr.NL 

	NL  shift 52
	.  error


state 18
	metric_declaration:  metric_hide_spec.metric_type_spec metric_decl_attr_spec 

	COUNTER  shift 54
	GAUGE  shift 55
	TIMER  shift 56
	TEXT  shift 57
	HISTOGRAM  shift 58
	.  error

	metric_type_spec  goto 53

state 19
	regex_pattern:  mark_pos.DIV in_regex REGEX DIV 
	decorator_declaration:  mark_pos.DEF ID compound_stmt 
	decoration_stmt:  mark_pos.DECO compound_stmt 

	DEF  shift 60
	DECO  shift 61
	DIV  shift 59
	.  error


state 20
	delete_stmt:  DEL.postfix_expr AFTER DURATIONLITERAL 
	delete_stmt:  DEL.postfix_expr 

	BUILTIN  shift 44
	STRING  shift 38
	CAPREF  shift 36
	CAPREF_NAMED  shift 37
	ID  shift 46
	INTLITERAL  shift 40
	FLOATLITERAL  shift 41
	LPAREN  shift 39
	.  error

	primary_expr  goto 63
	postfix_expr  goto 62
	indexed_expr  goto 34
	id_expr  goto 43
	builtin_expr  goto 35

state 21
	conditional_expr:  pattern_expr.    (17)
	conditional_expr:  pattern_expr.logical_op opt_nl logical_expr 

	AND  shift 65
	OR  shift 66
	.  reduce 17 (src line 164)

	logical_op  goto 64

state 22
	conditional_expr:  logical_expr.    (19)
	logical_expr:  logical_expr.logical_op opt_nl bitwise_expr 
	logical_expr:  logical_expr.logical_op opt_nl match_expr 

	AND  shift 65
	OR  shift 66
	.  reduce 19 (src line 177)

	logical_op  goto 67

state 23
	expr:  assign_expr.    (23)

	.  reduce 23 (src line 198)


state 24
	expr:  postfix_expr.    (24)
	unary_expr:  postfix_expr.    (68)
	postfix_expr:  postfix_expr.postfix_op 

	INC  shift 69
	DEC  shift 70
	NL  reduce 24 (src line 201)
	.  reduce 68 (src line 382)

	postfix_op  goto 68

state 25
	metric_hide_spec:  HIDDEN.    (94)

	.  reduce 94 (src line 525)


state 26
	pattern_expr:  concat_expr.    (58)
	concat_expr:  concat_expr.PLUS opt_nl regex_pattern 
	concat_expr:  concat_expr.PLUS opt_nl id_expr 

	PLUS  shift 71
	.  reduce 58 (src line 339)


state 27
	logical_expr:  bitwise_expr.    (27)
	bitwise_expr:  bitwise_expr.bitwise_op opt_nl rel_expr 

	BITAND  shift 73
	XOR  shift 75
	BITOR  shift 74
	.  reduce 27 (src line 218)

	bitwise_op  goto 72

state 28
	logical_expr:  match_expr.    (28)

	.  reduce 28 (src line 221)


state 29
	assign_expr:  unary_expr.ASSIGN opt_nl logical_expr 
	assign_expr:  unary_expr.ADD_ASSIGN opt_nl logical_expr 
	multiplicative_expr:  unary_expr.    (62)

	ADD_ASSIGN  shift 77
	ASSIGN  shift 76
	.  reduce 62 (src line 361)


state 30
	match_expr:  primary_expr.match_op opt_nl pattern_expr 
	match_expr:  primary_expr.match_op opt_nl primary_expr 
	postfix_expr:  primary_expr.    (70)

	MATCH  shift 79
	NOT_MATCH  shift 80
	.  reduce 70 (src line 392)

	match_op  goto 78

state 31
	concat_expr:  regex_pattern.    (59)

	.  reduce 59 (src line 347)


state 32
	bitwise_expr:  rel_expr.    (33)
	rel_expr:  rel_expr.rel_op opt_nl shift_expr 

	LT  shift 82
	GT  shift 83
	LE  shift 84
	GE  shift 85
	EQ  shift 86
	NE  shift 87
	.  reduce 33 (src line 241)

	rel_op  goto 81

state 33
	unary_expr:  NOT.unary_expr 

	BUILTIN  shift 44
	STRING  shift 38
	CAPREF  shift 36
	CAPREF_NAMED  shift 37
	ID  shift 46
	INTLITERAL  shift 40
	FLOATLITERAL  shift 41
	NOT  shift 33
	LPAREN  shift 39
	.  error

	primary_expr  goto 63
	postfix_expr  goto 89
	unary_expr  goto 88
	indexed_expr  goto 34
	id_expr  goto 43
	builtin_expr  goto 35

state 34
	primary_expr:  indexed_expr.    (74)
	indexed_expr:  indexed_expr.LSQUARE arg_expr_list RSQUARE 

	LSQUARE  shift 90
	.  reduce 74 (src line 409)


state 35
	primary_expr:  builtin_expr.    (75)

	.  reduce 75 (src line 412)


state 36
	primary_expr:  CAPREF.    (76)

	.  reduce 76 (src line 414)


state 37
	primary_expr:  CAPREF_NAMED.    (77)

	.  reduce 77 (src line 418)


state 38
	primary_expr:  STRING.    (78)

	.  reduce 78 (src line 422)


state 39
	primary_expr:  LPAREN.logical_expr RPAREN 

	BUILTIN  shift 44
	STRING  shift 38
	CAPREF  shift 36
	CAPREF_NAMED  shift 37
	ID  shift 46
	INTLITERAL  shift 40
	FLOATLITERAL  shift 41
	NOT  shift 33
	LPAREN  shift 39
	.  error

	primary_expr  goto 30
	multiplicative_expr  goto 47
	additive_expr  goto 45
	postfix_expr  goto 89
	unary_expr  goto 92
	rel_expr  goto 32
	shift_expr  goto 42
	bitwise_expr  goto 27
	logical_expr  goto 91
	indexed_expr  goto 34
	id_expr  goto 43
	match_expr  goto 28
	builtin_expr  goto 35

state 40
	primary_expr:  INTLITERAL.    (80)

	.  reduce 80 (src line 430)


state 41
	primary_expr:  FLOATLITERAL.    (81)

	.  reduce 81 (src line 434)


state 42
	rel_expr:  shift_expr.    (38)
	shift_expr:  shift_expr.shift_op opt_nl additive_expr 

	SHL  shift 94
	SHR  shift 95
	.  reduce 38 (src line 260)

	shift_op  goto 93

state 43
	indexed_expr:  id_expr.    (82)

	.  reduce 82 (src line 441)


state 44
	builtin_expr:  BUILTIN.LPAREN RPAREN 
	builtin_expr:  BUILTIN.LPAREN arg_expr_list RPAREN 

	LPAREN  shift 96
	.  error


state 45
	shift_expr:  additive_expr.    (46)
	additive_expr:  additive_expr.add_op opt_nl multiplicative_expr 

	MINUS  shift 99
	PLUS  shift 98
	.  reduce 46 (src line 285)

	add_op  goto 97

state 46
	id_expr:  ID.    (84)

	.  reduce 84 (src line 456)


state 47
	additive_expr:  multiplicative_expr.    (50)
	multiplicative_expr:  multiplicative_expr.mul_op opt_nl unary_expr 

	DIV  shift 102
	MOD  shift 103
	MUL  shift 101
	POW  shift 104
	.  reduce 50 (src line 302)

	mul_op  goto 100

state 48
	stmt:  CONST id_expr.concat_expr 
	mark_pos: .    (121)

	.  reduce 121 (src line 690)

	concat_expr  goto 105
	regex_pattern  goto 31
	mark_pos  goto 106

state 49
	conditional_stmt:  conditional_expr compound_stmt.ELSE compound_stmt 
	conditional_stmt:  conditional_expr compound_stmt.    (15)

	ELSE  shift 107
	.  reduce 15 (src line 149)


state 50
	compound_stmt:  LCURLY.stmt_list RCURLY 
	stmt_list: .    (2)

	.  reduce 2 (src line 97)

	stmt_list  goto 108

state 51
	conditional_stmt:  OTHERWISE compound_stmt.    (16)

	.  reduce 16 (src line 157)


state 52
	expr_stmt:  expr NL.    (21)

	.  reduce 21 (src line 185)


state 53
	metric_declaration:  metric_hide_spec metric_type_spec.metric_decl_attr_spec 

	STRING  shift 112
	ID  shift 111
	.  error

	metric_decl_attr_spec  goto 109
	metric_name_spec  goto 110

state 54
	metric_type_spec:  COUNTER.    (101)

	.  reduce 101 (src line 567)


state 55
	metric_type_spec:  GAUGE.    (102)

	.  reduce 102 (src line 572)


state 56
	metric_type_spec:  TIMER.    (103)

	.  reduce 103 (src line 576)


state 57
	metric_type_spec:  TEXT.    (104)

	.  reduce 104 (src line 580)


state 58
	metric_type_spec:  HISTOGRAM.    (105)

	.  reduce 105 (src line 584)


state 59
	regex_pattern:  mark_pos DIV.in_regex REGEX DIV 
	in_regex: .    (122)

	.  reduce 122 (src line 700)

	in_regex  goto 113

state 60
	decorator_declaration:  mark_pos DEF.ID compound_stmt 

	ID  shift 114
	.  error


state 61
	decoration_stmt:  mark_pos DECO.compound_stmt 

	LCURLY  shift 50
	.  error

	compound_stmt  goto 115

state 62
	postfix_expr:  postfix_expr.postfix_op 
	delete_stmt:  DEL postfix_expr.AFTER DURATIONLITERAL 
	delete_stmt:  DEL postfix_expr.    (118)

	AFTER  shift 116
	INC  shift 69
	DEC  shift 70
	.  reduce 118 (src line 670)

	postfix_op  goto 68

state 63
	postfix_expr:  primary_expr.    (70)

	.  reduce 70 (src line 392)


state 64
	conditional_expr:  pattern_expr logical_op.opt_nl logical_expr 
	opt_nl: .    (123)

	NL  shift 118
	.  reduce 123 (src line 710)

	opt_nl  goto 117

state 65
	logical_op:  AND.    (31)

	.  reduce 31 (src line 233)


state 66
	logical_op:  OR.    (32)

	.  reduce 32 (src line 236)


state 67
	logical_expr:  logical_expr logical_op.opt_nl bitwise_expr 
	logical_expr:  logical_expr logical_op.opt_nl match_expr 
	opt_nl: .    (123)

	NL  shift 118
	.  reduce 123 (src line 710)

	opt_nl  goto 119

state 68
	postfix_expr:  postfix_expr postfix_op.    (71)

	.  reduce 71 (src line 395)


state 69
	postfix_op:  INC.    (72)

	.  reduce 72 (src line 401)


state 70
	postfix_op:  DEC.    (73)

	.  reduce 73 (src line 404)


state 71
	concat_expr:  concat_expr PLUS.opt_nl regex_pattern 
	concat_expr:  concat_expr PLUS.opt_nl id_expr 
	opt_nl: .    (123)

	NL  shift 118
	.  reduce 123 (src line 710)

	opt_nl  goto 120

state 72
	bitwise_expr:  bitwise_expr bitwise_op.opt_nl rel_expr 
	opt_nl: .    (123)

	NL  shift 118
	.  reduce 123 (src line 710)

	opt_nl  goto 121

state 73
	bitwise_op:  BITAND.    (35)

	.  reduce 35 (src line 250)


state 74
	bitwise_op:  BITOR.    (36)

	.  reduce 36 (src line 253)


state 75
	bitwise_op:  XOR.    (37)

	.  reduce 37 (src line 255)


state 76
	assign_expr:  unary_expr ASSIGN.opt_nl logical_expr 
	opt_nl: .    (123)

	NL  shift 118
	.  reduce 123 (src line 710)

	opt_nl  goto 122

state 77
	assign_expr:  unary_expr ADD_ASSIGN.opt_nl logical_expr 
	opt_nl: .    (123)

	NL  shift 118
	.  reduce 123 (src line 710)

	opt_nl  goto 123

state 78
	match_expr:  primary_expr match_op.opt_nl pattern_expr 
	match_expr:  primary_expr match_op.opt_nl primary_expr 
	opt_nl: .    (123)

	NL  shift 118
	.  reduce 123 (src line 710)

	opt_nl  goto 124

state 79
	match_op:  MATCH.    (56)

	.  reduce 56 (src line 330)


state 80
	match_op:  NOT_MATCH.    (57)

	.  reduce 57 (src line 333)


state 81
	rel_expr:  rel_expr rel_op.opt_nl shift_expr 
	opt_nl: .    (123)

	NL  shift 118
	.  reduce 123 (src line 710)

	opt_nl  goto 125

state 82
	rel_op:  LT.    (40)

	.  reduce 40 (src line 269)


state 83
	rel_op:  GT.    (41)

	.  reduce 41 (src line 272)


state 84
	rel_op:  LE.    (42)

	.  reduce 42 (src line 274)


state 85
	rel_op:  GE.    (43)

	.  reduce 43 (src line 276)


state 86
	rel_op:  EQ.    (44)

	.  reduce 44 (src line 278)


state 87
	rel_op:  NE.    (45)

	.  reduce 45 (src line 280)


state 88
	unary_expr:  NOT unary_expr.    (69)

	.  reduce 69 (src line 385)


state 89
	unary_expr:  postfix_expr.    (68)
	postfix_expr:  postfix_expr.postfix_op 

	INC  shift 69
	DEC  shift 70
	.  reduce 68 (src line 382)

	postfix_op  goto 68

state 90
	indexed_expr:  indexed_expr LSQUARE.arg_expr_list RSQUARE 
	mark_pos: .    (121)

	BUILTIN  shift 44
	STRING  shift 38
	CAPREF  shift 36
	CAPREF_NAMED  shift 37
	ID  shift 46
	INTLITERAL  shift 40
	FLOATLITERAL  shift 41
	NOT  shift 33
	LPAREN  shift 39
	.  reduce 121 (src line 690)

	arg_expr_list  goto 126
	primary_expr  goto 30
	multiplicative_expr  goto 47
	additive_expr  goto 45
	postfix_expr  goto 89
	unary_expr  goto 92
	rel_expr  goto 32
	shift_expr  goto 42
	bitwise_expr  goto 27
	logical_expr  goto 128
	indexed_expr  goto 34
	id_expr  goto 43
	concat_expr  goto 26
	pattern_expr  goto 129
	regex_pattern  goto 31
	match_expr  goto 28
	builtin_expr  goto 35
	arg_expr  goto 127
	mark_pos  goto 106

state 91
	logical_expr:  logical_expr.logical_op opt_nl bitwise_expr 
	logical_expr:  logical_expr.logical_op opt_nl match_expr 
	primary_expr:  LPAREN logical_expr.RPAREN 

	AND  shift 65
	OR  shift 66
	RPAREN  shift 130
	.  error

	logical_op  goto 67

state 92
	multiplicative_expr:  unary_expr.    (62)

	.  reduce 62 (src line 361)


state 93
	shift_expr:  shift_expr shift_op.opt_nl additive_expr 
	opt_nl: .    (123)

	NL  shift 118
	.  reduce 123 (src line 710)

	opt_nl  goto 131

state 94
	shift_op:  SHL.    (48)

	.  reduce 48 (src line 294)


state 95
	shift_op:  SHR.    (49)

	.  reduce 49 (src line 297)


state 96
	builtin_expr:  BUILTIN LPAREN.RPAREN 
	builtin_expr:  BUILTIN LPAREN.arg_expr_list RPAREN 
	mark_pos: .    (121)

	BUILTIN  shift 44
	STRING  shift 38
	CAPREF  shift 36
	CAPREF_NAMED  shift 37
	ID  shift 46
	INTLITERAL  shift 40
	FLOATLITERAL  shift 41
	NOT  shift 33
	LPAREN  shift 39
	RPAREN  shift 132
	.  reduce 121 (src line 690)

	arg_expr_list  goto 133
	primary_expr  goto 30
	multiplicative_expr  goto 47
	additive_expr  goto 45
	postfix_expr  goto 89
	unary_expr  goto 92
	rel_expr  goto 32
	shift_expr  goto 42
	bitwise_expr  goto 27
	logical_expr  goto 128
	indexed_expr  goto 34
	id_expr  goto 43
	concat_expr  goto 26
	pattern_expr  goto 129
	regex_pattern  goto 31
	match_expr  goto 28
	builtin_expr  goto 35
	arg_expr  goto 127
	mark_pos  goto 106

state 97
	additive_expr:  additive_expr add_op.opt_nl multiplicative_expr 
	opt_nl: .    (123)

	NL  shift 118
	.  reduce 123 (src line 710)

	opt_nl  goto 134

state 98
	add_op:  PLUS.    (52)

	.  reduce 52 (src line 311)


state 99
	add_op:  MINUS.    (53)

	.  reduce 53 (src line 314)


state 100
	multiplicative_expr:  multiplicative_expr mul_op.opt_nl unary_expr 
	opt_nl: .    (123)

	NL  shift 118
	.  reduce 123 (src line 710)

	opt_nl  goto 135

state 101
	mul_op:  MUL.    (64)

	.  reduce 64 (src line 370)


state 102
	mul_op:  DIV.    (65)

	.  reduce 65 (src line 373)


state 103
	mul_op:  MOD.    (66)

	.  reduce 66 (src line 375)


state 104
	mul_op:  POW.    (67)

	.  reduce 67 (src line 377)


state 105
	stmt:  CONST id_expr concat_expr.    (11)
	concat_expr:  concat_expr.PLUS opt_nl regex_pattern 
	concat_expr:  concat_expr.PLUS opt_nl id_expr 

	PLUS  shift 71
	.  reduce 11 (src line 129)


state 106
	regex_pattern:  mark_pos.DIV in_regex REGEX DIV 

	DIV  shift 59
	.  error


state 107
	conditional_stmt:  conditional_expr compound_stmt ELSE.compound_stmt 

	LCURLY  shift 50
	.  error

	compound_stmt  goto 136

state 108
	stmt_list:  stmt_list.stmt 
	compound_stmt:  LCURLY stmt_list.RCURLY 
	metric_hide_spec: .    (93)
	mark_pos: .    (121)

	INVALID  shift 13
	CONST  shift 11
	HIDDEN  shift 25
	DEF  reduce 121 (src line 690)
	DEL  shift 20
	NEXT  shift 10
	OTHERWISE  shift 15
	STOP  shift 12
	BUILTIN  shift 44
	STRING  shift 38
	CAPREF  shift 36
	CAPREF_NAMED  shift 37
	ID  shift 46
	DECO  reduce 121 (src line 690)
	INTLITERAL  shift 40
	FLOATLITERAL  shift 41
	DIV  reduce 121 (src line 690)
	NOT  shift 33
	RCURLY  shift 137
	LPAREN  shift 39
	NL  shift 16
	.  reduce 93 (src line 520)

	stmt  goto 3
	conditional_stmt  goto 4
	conditional_expr  goto 14
	expr_stmt  goto 5
	expr  goto 17
	primary_expr  goto 30
	multiplicative_expr  goto 47
	additive_expr  goto 45
	postfix_expr  goto 24
	unary_expr  goto 29
	assign_expr  goto 23
	rel_expr  goto 32
	shift_expr  goto 42
	bitwise_expr  goto 27
	logical_expr  goto 22
	indexed_expr  goto 34
	id_expr  goto 43
	concat_expr  goto 26
	pattern_expr  goto 21
	metric_declaration  goto 6
	decorator_declaration  goto 7
	decoration_stmt  goto 8
	regex_pattern  goto 31
	match_expr  goto 28
	delete_stmt  goto 9
	builtin_expr  goto 35
	metric_hide_spec  goto 18
	mark_pos  goto 19

state 109
	metric_declaration:  metric_hide_spec metric_type_spec metric_decl_attr_spec.    (92)
	metric_decl_attr_spec:  metric_decl_attr_spec.metric_by_spec 
	metric_decl_attr_spec:  metric_decl_attr_spec.metric_as_spec 
	metric_decl_attr_spec:  metric_decl_attr_spec.metric_buckets_spec 

	AS  shift 142
	BY  shift 141
	BUCKETS  shift 143
	.  reduce 92 (src line 509)

	metric_as_spec  goto 139
	metric_by_spec  goto 138
	metric_buckets_spec  goto 140

state 110
	metric_decl_attr_spec:  metric_name_spec.    (98)

	.  reduce 98 (src line 548)


state 111
	metric_name_spec:  ID.    (99)

	.  reduce 99 (src line 555)


state 112
	metric_name_spec:  STRING.    (100)

	.  reduce 100 (src line 560)


state 113
	regex_pattern:  mark_pos DIV in_regex.REGEX DIV 

	REGEX  shift 144
	.  error


state 114
	decorator_declaration:  mark_pos DEF ID.compound_stmt 

	LCURLY  shift 50
	.  error

	compound_stmt  goto 145

state 115
	decoration_stmt:  mark_pos DECO compound_stmt.    (116)

	.  reduce 116 (src line 657)


state 116
	delete_stmt:  DEL postfix_expr AFTER.DURATIONLITERAL 

	DURATIONLITERAL  shift 146
	.  error


state 117
	conditional_expr:  pattern_expr logical_op opt_nl.logical_expr 

	BUILTIN  shift 44
	STRING  shift 38
	CAPREF  shift 36
	CAPREF_NAMED  shift 37
	ID  shift 46
	INTLITERAL  shift 40
	FLOATLITERAL  shift 41
	NOT  shift 33
	LPAREN  shift 39
	.  error

	primary_expr  goto 30
	multiplicative_expr  goto 47
	additive_expr  goto 45
	postfix_expr  goto 89
	unary_expr  goto 92
	rel_expr  goto 32
	shift_expr  goto 42
	bitwise_expr  goto 27
	logical_expr  goto 147
	indexed_expr  goto 34
	id_expr  goto 43
	match_expr  goto 28
	builtin_expr  goto 35

state 118
	opt_nl:  NL.    (124)

	.  reduce 124 (src line 712)


state 119
	logical_expr:  logical_expr logical_op opt_nl.bitwise_expr 
	logical_expr:  logical_expr logical_op opt_nl.match_expr 

	BUILTIN  shift 44
	STRING  shift 38
	CAPREF  shift 36
	CAPREF_NAMED  shift 37
	ID  shift 46
	INTLITERAL  shift 40
	FLOATLITERAL  shift 41
	NOT  shift 33
	LPAREN  shift 39
	.  error

	primary_expr  goto 30
	multiplicative_expr  goto 47
	additive_expr  goto 45
	postfix_expr  goto 89
	unary_expr  goto 92
	rel_expr  goto 32
	shift_expr  goto 42
	bitwise_expr  goto 148
	indexed_expr  goto 34
	id_expr  goto 43
	match_expr  goto 149
	builtin_expr  goto 35

state 120
	concat_expr:  concat_expr PLUS opt_nl.regex_pattern 
	concat_expr:  concat_expr PLUS opt_nl.id_expr 
	mark_pos: .    (121)

	ID  shift 46
	.  reduce 121 (src line 690)

	id_expr  goto 151
	regex_pattern  goto 150
	mark_pos  goto 106

state 121
	bitwise_expr:  bitwise_expr bitwise_op opt_nl.rel_expr 

	BUILTIN  shift 44
	STRING  shift 38
	CAPREF  shift 36
	CAPREF_NAMED  shift 37
	ID  shift 46
	INTLITERAL  shift 40
	FLOATLITERAL  shift 41
	NOT  shift 33
	LPAREN  shift 39
	.  error

	primary_expr  goto 63
	multiplicative_expr  goto 47
	additive_expr  goto 45
	postfix_expr  goto 89
	unary_expr  goto 92
	rel_expr  goto 152
	shift_expr  goto 42
	indexed_expr  goto 34
	id_expr  goto 43
	builtin_expr  goto 35

state 122
	assign_expr:  unary_expr ASSIGN opt_nl.logical_expr 

	BUILTIN  shift 44
	STRING  shift 38
	CAPREF  shift 36
	CAPREF_NAMED  shift 37
	ID  shift 46
	INTLITERAL  shift 40
	FLOATLITERAL  shift 41
	NOT  shift 33
	LPAREN  shift 39
	.  error

	primary_expr  goto 30
	multiplicative_expr  goto 47
	additive_expr  goto 45
	postfix_expr  goto 89
	unary_expr  goto 92
	rel_expr  goto 32
	shift_expr  goto 42
	bitwise_expr  goto 27
	logical_expr  goto 153
	indexed_expr  goto 34
	id_expr  goto 43
	match_expr  goto 28
	builtin_expr  goto 35

state 123
	assign_expr:  unary_expr ADD_ASSIGN opt_nl.logical_expr 

	BUILTIN  shift 44
	STRING  shift 38
	CAPREF  shift 36
	CAPREF_NAMED  shift 37
	ID  shift 46
	INTLITERAL  shift 40
	FLOATLITERAL  shift 41
	NOT  shift 33
	LPAREN  shift 39
	.  error

	primary_expr  goto 30
	multiplicative_expr  goto 47
	additive_expr  goto 45
	postfix_expr  goto 89
	unary_expr  goto 92
	rel_expr  goto 32
	shift_expr  goto 42
	bitwise_expr  goto 27
	logical_expr  goto 154
	indexed_expr  goto 34
	id_expr  goto 43
	match_expr  goto 28
	builtin_expr  goto 35

state 124
	match_expr:  primary_expr match_op opt_nl.pattern_expr 
	match_expr:  primary_expr match_op opt_nl.primary_expr 
	mark_pos: .    (121)

	BUILTIN  shift 44
	STRING  shift 38
	CAPREF  shift 36
	CAPREF_NAMED  shift 37
	ID  shift 46
	INTLITERAL  shift 40
	FLOATLITERAL  shift 41
	LPAREN  shift 39
	.  reduce 121 (src line 690)

	primary_expr  goto 156
	indexed_expr  goto 34
	id_expr  goto 43
	concat_expr  goto 26
	pattern_expr  goto 155
	regex_pattern  goto 31
	builtin_expr  goto 35
	mark_pos  goto 106

state 125
	rel_expr:  rel_expr rel_op opt_nl.shift_expr 

	BUILTIN  shift 44
	STRING  shift 38
	CAPREF  shift 36
	CAPREF_NAMED  shift 37
	ID  shift 46
	INTLITERAL  shift 40
	FLOATLITERAL  shift 41
	NOT  shift 33
	LPAREN  shift 39
	.  error

	primary_expr  goto 63
	multiplicative_expr  goto 47
	additive_expr  goto 45
	postfix_expr  goto 89
	unary_expr  goto 92
	shift_expr  goto 157
	indexed_expr  goto 34
	id_expr  goto 43
	builtin_expr  goto 35

state 126
	indexed_expr:  indexed_expr LSQUARE arg_expr_list.RSQUARE 
	arg_expr_list:  arg_expr_list.COMMA arg_expr 

	RSQUARE  shift 158
	COMMA  shift 159
	.  error


state 127
	arg_expr_list:  arg_expr.    (87)

	.  reduce 87 (src line 477)


state 128
	logical_expr:  logical_expr.logical_op opt_nl bitwise_expr 
	logical_expr:  logical_expr.logical_op opt_nl match_expr 
	arg_expr:  logical_expr.    (89)

	AND  shift 65
	OR  shift 66
	.  reduce 89 (src line 490)

	logical_op  goto 67

state 129
	arg_expr:  pattern_expr.    (90)

	.  reduce 90 (src line 493)


state 130
	primary_expr:  LPAREN logical_expr RPAREN.    (79)

	.  reduce 79 (src line 426)


state 131
	shift_expr:  shift_expr shift_op opt_nl.additive_expr 

	BUILTIN  shift 44
	STRING  shift 38
	CAPREF  shift 36
	CAPREF_NAMED  shift 37
	ID  shift 46
	INTLITERAL  shift 40
	FLOATLITERAL  shift 41
	NOT  shift 33
	LPAREN  shift 39
	.  error

	primary_expr  goto 63
	multiplicative_expr  goto 47
	additive_expr  goto 160
	postfix_expr  goto 89
	unary_expr  goto 92
	indexed_expr  goto 34
	id_expr  goto 43
	builtin_expr  goto 35

state 132
	builtin_expr:  BUILTIN LPAREN RPAREN.    (85)

	.  reduce 85 (src line 464)


state 133
	builtin_expr:  BUILTIN LPAREN arg_expr_list.RPAREN 
	arg_expr_list:  arg_expr_list.COMMA arg_expr 

	RPAREN  shift 161
	COMMA  shift 159
	.  error


state 134
	additive_expr:  additive_expr add_op opt_nl.multiplicative_expr 

	BUILTIN  shift 44
	STRING  shift 38
	CAPREF  shift 36
	CAPREF_NAMED  shift 37
	ID  shift 46
	INTLITERAL  shift 40
	FLOATLITERAL  shift 41
	NOT  shift 33
	LPAREN  shift 39
	.  error

	primary_expr  goto 63
	multiplicative_expr  goto 162
	postfix_expr  goto 89
	unary_expr  goto 92
	indexed_expr  goto 34
	id_expr  goto 43
	builtin_expr  goto 35

state 135
	multiplicative_expr:  multiplicative_expr mul_op opt_nl.unary_expr 

	BUILTIN  shift 44
	STRING  shift 38
	CAPREF  shift 36
	CAPREF_NAMED  shift 37
	ID  shift 46
	INTLITERAL  shift 40
	FLOATLITERAL  shift 41
	NOT  shift 33
	LPAREN  shift 39
	.  error

	primary_expr  goto 63
	postfix_expr  goto 89
	unary_expr  goto 163
	indexed_expr  goto 34
	id_expr  goto 43
	builtin_expr  goto 35

state 136
	conditional_stmt:  conditional_expr compound_stmt ELSE compound_stmt.    (14)

	.  reduce 14 (src line 144)


state 137
	compound_stmt:  LCURLY stmt_list RCURLY.    (22)

	.  reduce 22 (src line 190)


state 138
	metric_decl_attr_spec:  metric_decl_attr_spec metric_by_spec.    (95)

	.  reduce 95 (src line 532)


state 139
	metric_decl_attr_spec:  metric_decl_attr_spec metric_as_spec.    (96)

	.  reduce 96 (src line 538)


state 140
	metric_decl_attr_spec:  metric_decl_attr_spec metric_buckets_spec.    (97)

	.  reduce 97 (src line 543)


state 141
	metric_by_spec:  BY.metric_by_expr_list 

	STRING  shift 167
	ID  shift 166
	.  error

	id_or_string  goto 165
	metric_by_expr_list  goto 164

state 142
	metric_as_spec:  AS.STRING 

	STRING  shift 168
	.  error


state 143
	metric_buckets_spec:  BUCKETS.metric_buckets_list 

	INTLITERAL  shift 171
	FLOATLITERAL  shift 170
	.  error

	metric_buckets_list  goto 169

state 144
	regex_pattern:  mark_pos DIV in_regex REGEX.DIV 

	DIV  shift 172
	.  error


state 145
	decorator_declaration:  mark_pos DEF ID compound_stmt.    (115)

	.  reduce 115 (src line 649)


state 146
	delete_stmt:  DEL postfix_expr AFTER DURATIONLITERAL.    (117)

	.  reduce 117 (src line 665)


state 147
	conditional_expr:  pattern_expr logical_op opt_nl logical_expr.    (18)
	logical_expr:  logical_expr.logical_op opt_nl bitwise_expr 
	logical_expr:  logical_expr.logical_op opt_nl match_expr 

	AND  shift 65
	OR  shift 66
	.  reduce 18 (src line 169)

	logical_op  goto 67

state 148
	logical_expr:  logical_expr logical_op opt_nl bitwise_expr.    (29)
	bitwise_expr:  bitwise_expr.bitwise_op opt_nl rel_expr 

	BITAND  shift 73
	XOR  shift 75
	BITOR  shift 74
	.  reduce 29 (src line 223)

	bitwise_op  goto 72

state 149
	logical_expr:  logical_expr logical_op opt_nl match_expr.    (30)

	.  reduce 30 (src line 227)


state 150
	concat_expr:  concat_expr PLUS opt_nl regex_pattern.    (60)

	.  reduce 60 (src line 350)


state 151
	concat_expr:  concat_expr PLUS opt_nl id_expr.    (61)

	.  reduce 61 (src line 354)


state 152
	bitwise_expr:  bitwise_expr bitwise_op opt_nl rel_expr.    (34)
	rel_expr:  rel_expr.rel_op opt_nl shift_expr 

	LT  shift 82
	GT  shift 83
	LE  shift 84
	GE  shift 85
	EQ  shift 86
	NE  shift 87
	.  reduce 34 (src line 244)

	rel_op  goto 81

state 153
	assign_expr:  unary_expr ASSIGN opt_nl logical_expr.    (25)
	logical_expr:  logical_expr.logical_op opt_nl bitwise_expr 
	logical_expr:  logical_expr.logical_op opt_nl match_expr 

	AND  shift 65
	OR  shift 66
	.  reduce 25 (src line 206)

	logical_op  goto 67

state 154
	assign_expr:  unary_expr ADD_ASSIGN opt_nl logical_expr.    (26)
	logical_expr:  logical_expr.logical_op opt_nl bitwise_expr 
	logical_expr:  logical_expr.logical_op opt_nl match_expr 

	AND  shift 65
	OR  shift 66
	.  reduce 26 (src line 211)

	logical_op  goto 67

state 155
	match_expr:  primary_expr match_op opt_nl pattern_expr.    (54)

	.  reduce 54 (src line 319)


state 156
	match_expr:  primary_expr match_op opt_nl primary_expr.    (55)

	.  reduce 55 (src line 324)


state 157
	rel_expr:  rel_expr rel_op opt_nl shift_expr.    (39)
	shift_expr:  shift_expr.shift_op opt_nl additive_expr 

	SHL  shift 94
	SHR  shift 95
	.  reduce 39 (src line 263)

	shift_op  goto 93

state 158
	indexed_expr:  indexed_expr LSQUARE arg_expr_list RSQUARE.    (83)

	.  reduce 83 (src line 446)


state 159
	arg_expr_list:  arg_expr_list COMMA.arg_expr 
	mark_pos: .    (121)

	BUILTIN  shift 44
	STRING  shift 38
	CAPREF  shift 36
	CAPREF_NAMED  shift 37
	ID  shift 46
	INTLITERAL  shift 40
	FLOATLITERAL  shift 41
	NOT  shift 33
	LPAREN  shift 39
	.  reduce 121 (src line 690)

	primary_expr  goto 30
	multiplicative_expr  goto 47
	additive_expr  goto 45
	postfix_expr  goto 89
	unary_expr  goto 92
	rel_expr  goto 32
	shift_expr  goto 42
	bitwise_expr  goto 27
	logical_expr  goto 128
	indexed_expr  goto 34
	id_expr  goto 43
	concat_expr  goto 26
	pattern_expr  goto 129
	regex_pattern  goto 31
	match_expr  goto 28
	builtin_expr  goto 35
	arg_expr  goto 173
	mark_pos  goto 106

state 160
	shift_expr:  shift_expr shift_op opt_nl additive_expr.    (47)
	additive_expr:  additive_expr.add_op opt_nl multiplicative_expr 

	MINUS  shift 99
	PLUS  shift 98
	.  reduce 47 (src line 288)

	add_op  goto 97

state 161
	builtin_expr:  BUILTIN LPAREN arg_expr_list RPAREN.    (86)

	.  reduce 86 (src line 469)


state 162
	additive_expr:  additive_expr add_op opt_nl multiplicative_expr.    (51)
	multiplicative_expr:  multiplicative_expr.mul_op opt_nl unary_expr 

	DIV  shift 102
	MOD  shift 103
	MUL  shift 101
	POW  shift 104
	.  reduce 51 (src line 305)

	mul_op  goto 100

state 163
	multiplicative_expr:  multiplicative_expr mul_op opt_nl unary_expr.    (63)

	.  reduce 63 (src line 364)


state 164
	metric_by_spec:  BY metric_by_expr_list.    (106)
	metric_by_expr_list:  metric_by_expr_list.COMMA id_or_string 

	COMMA  shift 174
	.  reduce 106 (src line 591)


state 165
	metric_by_expr_list:  id_or_string.    (107)

	.  reduce 107 (src line 598)


state 166
	id_or_string:  ID.    (119)

	.  reduce 119 (src line 676)


state 167
	id_or_string:  STRING.    (120)

	.  reduce 120 (src line 681)


state 168
	metric_as_spec:  AS STRING.    (109)

	.  reduce 109 (src line 612)


state 169
	metric_buckets_spec:  BUCKETS metric_buckets_list.    (110)
	metric_buckets_list:  metric_buckets_list.COMMA FLOATLITERAL 
	metric_buckets_list:  metric_buckets_list.COMMA INTLITERAL 

	COMMA  shift 175
	.  reduce 110 (src line 620)


state 170
	metric_buckets_list:  FLOATLITERAL.    (111)

	.  reduce 111 (src line 626)


state 171
	metric_buckets_list:  INTLITERAL.    (112)

	.  reduce 112 (src line 632)


state 172
	regex_pattern:  mark_pos DIV in_regex REGEX DIV.    (91)

	.  reduce 91 (src line 498)


state 173
	arg_expr_list:  arg_expr_list COMMA arg_expr.    (88)

	.  reduce 88 (src line 483)


state 174
	metric_by_expr_list:  metric_by_expr_list COMMA.id_or_string 

	STRING  shift 167
	ID  shift 166
	.  error

	id_or_string  goto 176

state 175
	metric_buckets_list:  metric_buckets_list COMMA.FLOATLITERAL 
	metric_buckets_list:  metric_buckets_list COMMA.INTLITERAL 

	INTLITERAL  shift 178
	FLOATLITERAL  shift 177
	.  error


state 176
	metric_by_expr_list:  metric_by_expr_list COMMA id_or_string.    (108)

	.  reduce 108 (src line 604)


state 177
	metric_buckets_list:  metric_buckets_list COMMA FLOATLITERAL.    (113)

	.  reduce 113 (src line 637)


state 178
	metric_buckets_list:  metric_buckets_list COMMA INTLITERAL.    (114)

	.  reduce 114 (src line 642)


65 terminals, 53 nonterminals
125 grammar rules, 179/16000 states
0 shift/reduce, 0 reduce/reduce conflicts reported
102 working sets used
memory: parser 344/240000
142 extra closures
295 shift entries, 9 exceptions
107 goto entries
186 entries saved by goto default
Optimizer space used: output 239/240000
239 table entries, 0 zero
maximum spread: 65, maximum offset: 174
