
state 0
	$accept: .start $end 
	stmt_list: .    (2)

	.  reduce 2 (src line 86)

	stmt_list  goto 2
	start  goto 1

state 1
	$accept:  start.$end 

	$end  accept
	.  error


state 2
	start:  stmt_list.    (1)
	stmt_list:  stmt_list.stmt 
	hide_spec: .    (87)
	mark_pos: .    (107)

	$end  reduce 1 (src line 79)
	INVALID  shift 12
	CONST  shift 11
	HIDDEN  shift 23
	DEF  reduce 107 (src line 569)
	DEL  shift 19
	NEXT  shift 10
	OTHERWISE  shift 14
	BUILTIN  shift 31
	STRING  shift 34
	CAPREF  shift 32
	CAPREF_NAMED  shift 33
	ID  shift 44
	DECO  reduce 107 (src line 569)
	INTLITERAL  shift 36
	FLOATLITERAL  shift 37
	DIV  reduce 107 (src line 569)
	NOT  shift 39
	LPAREN  shift 35
	NL  shift 15
	.  reduce 87 (src line 453)

	stmt  goto 3
	conditional_statement  goto 4
	expression_statement  goto 5
	expr  goto 16
	primary_expr  goto 26
	multiplicative_expr  goto 43
	additive_expr  goto 40
	postfix_expr  goto 38
	unary_expr  goto 27
	assign_expr  goto 22
	rel_expr  goto 24
	shift_expr  goto 28
	bitwise_expr  goto 20
	logical_expr  goto 13
	indexed_expr  goto 30
	id_expr  goto 42
	concat_expr  goto 29
	pattern_expr  goto 25
	declaration  goto 6
	definition  goto 7
	decoration_statement  goto 8
	regex_pattern  goto 41
	match_expr  goto 21
	delete_statement  goto 9
	hide_spec  goto 17
	mark_pos  goto 18

state 3
	stmt_list:  stmt_list stmt.    (3)

	.  reduce 3 (src line 91)


state 4
	stmt:  conditional_statement.    (4)

	.  reduce 4 (src line 100)


state 5
	stmt:  expression_statement.    (5)

	.  reduce 5 (src line 103)


state 6
	stmt:  declaration.    (6)

	.  reduce 6 (src line 105)


state 7
	stmt:  definition.    (7)

	.  reduce 7 (src line 107)


state 8
	stmt:  decoration_statement.    (8)

	.  reduce 8 (src line 109)


state 9
	stmt:  delete_statement.    (9)

	.  reduce 9 (src line 111)


state 10
	stmt:  NEXT.    (10)

	.  reduce 10 (src line 113)


state 11
	stmt:  CONST.id_expr concat_expr 

	ID  shift 44
	.  error

	id_expr  goto 45

state 12
	stmt:  INVALID.    (12)

	.  reduce 12 (src line 121)


state 13
	conditional_statement:  logical_expr.compound_statement ELSE compound_statement 
	conditional_statement:  logical_expr.compound_statement 
	assign_expr:  logical_expr.    (20)
	logical_expr:  logical_expr.logical_op opt_nl bitwise_expr 
	logical_expr:  logical_expr.logical_op opt_nl match_expr 

	AND  shift 49
	OR  shift 50
	LCURLY  shift 48
	.  reduce 20 (src line 166)

	compound_statement  goto 46
	logical_op  goto 47

state 14
	conditional_statement:  OTHERWISE.compound_statement 

	LCURLY  shift 48
	.  error

	compound_statement  goto 51

state 15
	expression_statement:  NL.    (16)

	.  reduce 16 (src line 147)


state 16
	expression_statement:  expr.NL 

	NL  shift 52
	.  error


state 17
	declaration:  hide_spec.type_spec declarator 

	COUNTER  shift 54
	GAUGE  shift 55
	TIMER  shift 56
	TEXT  shift 57
	.  error

	type_spec  goto 53

state 18
	regex_pattern:  mark_pos.DIV in_regex REGEX DIV 
	definition:  mark_pos.DEF ID compound_statement 
	decoration_statement:  mark_pos.DECO compound_statement 

	DEF  shift 59
	DECO  shift 60
	DIV  shift 58
	.  error


state 19
	delete_statement:  DEL.postfix_expr AFTER DURATIONLITERAL 
	delete_statement:  DEL.postfix_expr 

	BUILTIN  shift 31
	STRING  shift 34
	CAPREF  shift 32
	CAPREF_NAMED  shift 33
	ID  shift 44
	INTLITERAL  shift 36
	FLOATLITERAL  shift 37
	LPAREN  shift 35
	.  error

	primary_expr  goto 62
	postfix_expr  goto 61
	indexed_expr  goto 30
	id_expr  goto 42

state 20
	logical_expr:  bitwise_expr.    (23)
	bitwise_expr:  bitwise_expr.bitwise_op opt_nl rel_expr 

	BITAND  shift 64
	XOR  shift 66
	BITOR  shift 65
	.  reduce 23 (src line 181)

	bitwise_op  goto 63

state 21
	logical_expr:  match_expr.    (24)

	.  reduce 24 (src line 184)


state 22
	expr:  assign_expr.    (19)

	.  reduce 19 (src line 161)


state 23
	hide_spec:  HIDDEN.    (88)

	.  reduce 88 (src line 458)


state 24
	bitwise_expr:  rel_expr.    (29)
	rel_expr:  rel_expr.rel_op opt_nl shift_expr 

	LT  shift 68
	GT  shift 69
	LE  shift 70
	GE  shift 71
	EQ  shift 72
	NE  shift 73
	.  reduce 29 (src line 203)

	rel_op  goto 67

state 25
	match_expr:  pattern_expr.    (48)

	.  reduce 48 (src line 270)


state 26
	match_expr:  primary_expr.match_op opt_nl pattern_expr 
	match_expr:  primary_expr.match_op opt_nl primary_expr 
	postfix_expr:  primary_expr.    (67)

	MATCH  shift 75
	NOT_MATCH  shift 76
	.  reduce 67 (src line 346)

	match_op  goto 74

state 27
	assign_expr:  unary_expr.ASSIGN opt_nl logical_expr 
	assign_expr:  unary_expr.ADD_ASSIGN opt_nl logical_expr 
	multiplicative_expr:  unary_expr.    (59)

	ADD_ASSIGN  shift 78
	ASSIGN  shift 77
	.  reduce 59 (src line 317)


state 28
	rel_expr:  shift_expr.    (34)
	shift_expr:  shift_expr.shift_op opt_nl additive_expr 

	SHL  shift 80
	SHR  shift 81
	.  reduce 34 (src line 221)

	shift_op  goto 79

state 29
	pattern_expr:  concat_expr.    (53)
	concat_expr:  concat_expr.PLUS opt_nl regex_pattern 
	concat_expr:  concat_expr.PLUS opt_nl id_expr 

	PLUS  shift 82
	.  reduce 53 (src line 290)


state 30
	primary_expr:  indexed_expr.    (71)
	indexed_expr:  indexed_expr.LSQUARE arg_expr_list RSQUARE 

	LSQUARE  shift 83
	.  reduce 71 (src line 362)


state 31
	primary_expr:  BUILTIN.LPAREN RPAREN 
	primary_expr:  BUILTIN.LPAREN arg_expr_list RPAREN 

	LPAREN  shift 84
	.  error


state 32
	primary_expr:  CAPREF.    (74)

	.  reduce 74 (src line 373)


state 33
	primary_expr:  CAPREF_NAMED.    (75)

	.  reduce 75 (src line 377)


state 34
	primary_expr:  STRING.    (76)

	.  reduce 76 (src line 381)


state 35
	primary_expr:  LPAREN.expr RPAREN 
	mark_pos: .    (107)

	BUILTIN  shift 31
	STRING  shift 34
	CAPREF  shift 32
	CAPREF_NAMED  shift 33
	ID  shift 44
	INTLITERAL  shift 36
	FLOATLITERAL  shift 37
	NOT  shift 39
	LPAREN  shift 35
	.  reduce 107 (src line 569)

	expr  goto 85
	primary_expr  goto 26
	multiplicative_expr  goto 43
	additive_expr  goto 40
	postfix_expr  goto 38
	unary_expr  goto 27
	assign_expr  goto 22
	rel_expr  goto 24
	shift_expr  goto 28
	bitwise_expr  goto 20
	logical_expr  goto 86
	indexed_expr  goto 30
	id_expr  goto 42
	concat_expr  goto 29
	pattern_expr  goto 25
	regex_pattern  goto 41
	match_expr  goto 21
	mark_pos  goto 87

state 36
	primary_expr:  INTLITERAL.    (78)

	.  reduce 78 (src line 389)


state 37
	primary_expr:  FLOATLITERAL.    (79)

	.  reduce 79 (src line 393)


state 38
	unary_expr:  postfix_expr.    (65)
	postfix_expr:  postfix_expr.postfix_op 

	INC  shift 89
	DEC  shift 90
	.  reduce 65 (src line 337)

	postfix_op  goto 88

state 39
	unary_expr:  NOT.unary_expr 

	BUILTIN  shift 31
	STRING  shift 34
	CAPREF  shift 32
	CAPREF_NAMED  shift 33
	ID  shift 44
	INTLITERAL  shift 36
	FLOATLITERAL  shift 37
	NOT  shift 39
	LPAREN  shift 35
	.  error

	primary_expr  goto 62
	postfix_expr  goto 38
	unary_expr  goto 91
	indexed_expr  goto 30
	id_expr  goto 42

state 40
	shift_expr:  additive_expr.    (42)
	additive_expr:  additive_expr.add_op opt_nl multiplicative_expr 

	MINUS  shift 94
	PLUS  shift 93
	.  reduce 42 (src line 245)

	add_op  goto 92

state 41
	concat_expr:  regex_pattern.    (54)

	.  reduce 54 (src line 297)


state 42
	indexed_expr:  id_expr.    (80)

	.  reduce 80 (src line 399)


state 43
	additive_expr:  multiplicative_expr.    (46)
	multiplicative_expr:  multiplicative_expr.mul_op opt_nl unary_expr 

	DIV  shift 97
	MOD  shift 98
	MUL  shift 96
	POW  shift 99
	.  reduce 46 (src line 261)

	mul_op  goto 95

state 44
	id_expr:  ID.    (82)

	.  reduce 82 (src line 413)


state 45
	stmt:  CONST id_expr.concat_expr 
	mark_pos: .    (107)

	.  reduce 107 (src line 569)

	concat_expr  goto 100
	regex_pattern  goto 41
	mark_pos  goto 87

state 46
	conditional_statement:  logical_expr compound_statement.ELSE compound_statement 
	conditional_statement:  logical_expr compound_statement.    (14)

	ELSE  shift 101
	.  reduce 14 (src line 132)


state 47
	logical_expr:  logical_expr logical_op.opt_nl bitwise_expr 
	logical_expr:  logical_expr logical_op.opt_nl match_expr 
	opt_nl: .    (109)

	NL  shift 103
	.  reduce 109 (src line 589)

	opt_nl  goto 102

state 48
	compound_statement:  LCURLY.stmt_list RCURLY 
	stmt_list: .    (2)

	.  reduce 2 (src line 86)

	stmt_list  goto 104

state 49
	logical_op:  AND.    (27)

	.  reduce 27 (src line 196)


state 50
	logical_op:  OR.    (28)

	.  reduce 28 (src line 199)


state 51
	conditional_statement:  OTHERWISE compound_statement.    (15)

	.  reduce 15 (src line 140)


state 52
	expression_statement:  expr NL.    (17)

	.  reduce 17 (src line 150)


state 53
	declaration:  hide_spec type_spec.declarator 

	STRING  shift 107
	ID  shift 106
	.  error

	declarator  goto 105

state 54
	type_spec:  COUNTER.    (93)

	.  reduce 93 (src line 485)


state 55
	type_spec:  GAUGE.    (94)

	.  reduce 94 (src line 490)


state 56
	type_spec:  TIMER.    (95)

	.  reduce 95 (src line 494)


state 57
	type_spec:  TEXT.    (96)

	.  reduce 96 (src line 498)


state 58
	regex_pattern:  mark_pos DIV.in_regex REGEX DIV 
	in_regex: .    (108)

	.  reduce 108 (src line 579)

	in_regex  goto 108

state 59
	definition:  mark_pos DEF.ID compound_statement 

	ID  shift 109
	.  error


state 60
	decoration_statement:  mark_pos DECO.compound_statement 

	LCURLY  shift 48
	.  error

	compound_statement  goto 110

state 61
	postfix_expr:  postfix_expr.postfix_op 
	delete_statement:  DEL postfix_expr.AFTER DURATIONLITERAL 
	delete_statement:  DEL postfix_expr.    (106)

	AFTER  shift 111
	INC  shift 89
	DEC  shift 90
	.  reduce 106 (src line 560)

	postfix_op  goto 88

state 62
	postfix_expr:  primary_expr.    (67)

	.  reduce 67 (src line 346)


state 63
	bitwise_expr:  bitwise_expr bitwise_op.opt_nl rel_expr 
	opt_nl: .    (109)

	NL  shift 103
	.  reduce 109 (src line 589)

	opt_nl  goto 112

state 64
	bitwise_op:  BITAND.    (31)

	.  reduce 31 (src line 212)


state 65
	bitwise_op:  BITOR.    (32)

	.  reduce 32 (src line 215)


state 66
	bitwise_op:  XOR.    (33)

	.  reduce 33 (src line 217)


state 67
	rel_expr:  rel_expr rel_op.opt_nl shift_expr 
	opt_nl: .    (109)

	NL  shift 103
	.  reduce 109 (src line 589)

	opt_nl  goto 113

state 68
	rel_op:  LT.    (36)

	.  reduce 36 (src line 230)


state 69
	rel_op:  GT.    (37)

	.  reduce 37 (src line 233)


state 70
	rel_op:  LE.    (38)

	.  reduce 38 (src line 235)


state 71
	rel_op:  GE.    (39)

	.  reduce 39 (src line 237)


state 72
	rel_op:  EQ.    (40)

	.  reduce 40 (src line 239)


state 73
	rel_op:  NE.    (41)

	.  reduce 41 (src line 241)


state 74
	match_expr:  primary_expr match_op.opt_nl pattern_expr 
	match_expr:  primary_expr match_op.opt_nl primary_expr 
	opt_nl: .    (109)

	NL  shift 103
	.  reduce 109 (src line 589)

	opt_nl  goto 114

state 75
	match_op:  MATCH.    (51)

	.  reduce 51 (src line 283)


state 76
	match_op:  NOT_MATCH.    (52)

	.  reduce 52 (src line 286)


state 77
	assign_expr:  unary_expr ASSIGN.opt_nl logical_expr 
	opt_nl: .    (109)

	NL  shift 103
	.  reduce 109 (src line 589)

	opt_nl  goto 115

state 78
	assign_expr:  unary_expr ADD_ASSIGN.opt_nl logical_expr 
	opt_nl: .    (109)

	NL  shift 103
	.  reduce 109 (src line 589)

	opt_nl  goto 116

state 79
	shift_expr:  shift_expr shift_op.opt_nl additive_expr 
	opt_nl: .    (109)

	NL  shift 103
	.  reduce 109 (src line 589)

	opt_nl  goto 117

state 80
	shift_op:  SHL.    (44)

	.  reduce 44 (src line 254)


state 81
	shift_op:  SHR.    (45)

	.  reduce 45 (src line 257)


state 82
	concat_expr:  concat_expr PLUS.opt_nl regex_pattern 
	concat_expr:  concat_expr PLUS.opt_nl id_expr 
	opt_nl: .    (109)

	NL  shift 103
	.  reduce 109 (src line 589)

	opt_nl  goto 118

state 83
	indexed_expr:  indexed_expr LSQUARE.arg_expr_list RSQUARE 

	BUILTIN  shift 31
	STRING  shift 34
	CAPREF  shift 32
	CAPREF_NAMED  shift 33
	ID  shift 44
	INTLITERAL  shift 36
	FLOATLITERAL  shift 37
	NOT  shift 39
	LPAREN  shift 35
	.  error

	arg_expr_list  goto 119
	primary_expr  goto 62
	multiplicative_expr  goto 43
	additive_expr  goto 40
	postfix_expr  goto 38
	unary_expr  goto 121
	rel_expr  goto 24
	shift_expr  goto 28
	bitwise_expr  goto 120
	indexed_expr  goto 30
	id_expr  goto 42

state 84
	primary_expr:  BUILTIN LPAREN.RPAREN 
	primary_expr:  BUILTIN LPAREN.arg_expr_list RPAREN 

	BUILTIN  shift 31
	STRING  shift 34
	CAPREF  shift 32
	CAPREF_NAMED  shift 33
	ID  shift 44
	INTLITERAL  shift 36
	FLOATLITERAL  shift 37
	NOT  shift 39
	LPAREN  shift 35
	RPAREN  shift 122
	.  error

	arg_expr_list  goto 123
	primary_expr  goto 62
	multiplicative_expr  goto 43
	additive_expr  goto 40
	postfix_expr  goto 38
	unary_expr  goto 121
	rel_expr  goto 24
	shift_expr  goto 28
	bitwise_expr  goto 120
	indexed_expr  goto 30
	id_expr  goto 42

state 85
	primary_expr:  LPAREN expr.RPAREN 

	RPAREN  shift 124
	.  error


state 86
	assign_expr:  logical_expr.    (20)
	logical_expr:  logical_expr.logical_op opt_nl bitwise_expr 
	logical_expr:  logical_expr.logical_op opt_nl match_expr 

	AND  shift 49
	OR  shift 50
	.  reduce 20 (src line 166)

	logical_op  goto 47

state 87
	regex_pattern:  mark_pos.DIV in_regex REGEX DIV 

	DIV  shift 58
	.  error


state 88
	postfix_expr:  postfix_expr postfix_op.    (68)

	.  reduce 68 (src line 349)


state 89
	postfix_op:  INC.    (69)

	.  reduce 69 (src line 355)


state 90
	postfix_op:  DEC.    (70)

	.  reduce 70 (src line 358)


state 91
	unary_expr:  NOT unary_expr.    (66)

	.  reduce 66 (src line 340)


state 92
	additive_expr:  additive_expr add_op.opt_nl multiplicative_expr 
	opt_nl: .    (109)

	NL  shift 103
	.  reduce 109 (src line 589)

	opt_nl  goto 125

state 93
	add_op:  PLUS.    (57)

	.  reduce 57 (src line 310)


state 94
	add_op:  MINUS.    (58)

	.  reduce 58 (src line 313)


state 95
	multiplicative_expr:  multiplicative_expr mul_op.opt_nl unary_expr 
	opt_nl: .    (109)

	NL  shift 103
	.  reduce 109 (src line 589)

	opt_nl  goto 126

state 96
	mul_op:  MUL.    (61)

	.  reduce 61 (src line 326)


state 97
	mul_op:  DIV.    (62)

	.  reduce 62 (src line 329)


state 98
	mul_op:  MOD.    (63)

	.  reduce 63 (src line 331)


state 99
	mul_op:  POW.    (64)

	.  reduce 64 (src line 333)


state 100
	stmt:  CONST id_expr concat_expr.    (11)
	concat_expr:  concat_expr.PLUS opt_nl regex_pattern 
	concat_expr:  concat_expr.PLUS opt_nl id_expr 

	PLUS  shift 82
	.  reduce 11 (src line 117)


state 101
	conditional_statement:  logical_expr compound_statement ELSE.compound_statement 

	LCURLY  shift 48
	.  error

	compound_statement  goto 127

state 102
	logical_expr:  logical_expr logical_op opt_nl.bitwise_expr 
	logical_expr:  logical_expr logical_op opt_nl.match_expr 
	mark_pos: .    (107)

	BUILTIN  shift 31
	STRING  shift 34
	CAPREF  shift 32
	CAPREF_NAMED  shift 33
	ID  shift 44
	INTLITERAL  shift 36
	FLOATLITERAL  shift 37
	NOT  shift 39
	LPAREN  shift 35
	.  reduce 107 (src line 569)

	primary_expr  goto 26
	multiplicative_expr  goto 43
	additive_expr  goto 40
	postfix_expr  goto 38
	unary_expr  goto 121
	rel_expr  goto 24
	shift_expr  goto 28
	bitwise_expr  goto 128
	indexed_expr  goto 30
	id_expr  goto 42
	concat_expr  goto 29
	pattern_expr  goto 25
	regex_pattern  goto 41
	match_expr  goto 129
	mark_pos  goto 87

state 103
	opt_nl:  NL.    (110)

	.  reduce 110 (src line 591)


state 104
	stmt_list:  stmt_list.stmt 
	compound_statement:  LCURLY stmt_list.RCURLY 
	hide_spec: .    (87)
	mark_pos: .    (107)

	INVALID  shift 12
	CONST  shift 11
	HIDDEN  shift 23
	DEF  reduce 107 (src line 569)
	DEL  shift 19
	NEXT  shift 10
	OTHERWISE  shift 14
	BUILTIN  shift 31
	STRING  shift 34
	CAPREF  shift 32
	CAPREF_NAMED  shift 33
	ID  shift 44
	DECO  reduce 107 (src line 569)
	INTLITERAL  shift 36
	FLOATLITERAL  shift 37
	DIV  reduce 107 (src line 569)
	NOT  shift 39
	RCURLY  shift 130
	LPAREN  shift 35
	NL  shift 15
	.  reduce 87 (src line 453)

	stmt  goto 3
	conditional_statement  goto 4
	expression_statement  goto 5
	expr  goto 16
	primary_expr  goto 26
	multiplicative_expr  goto 43
	additive_expr  goto 40
	postfix_expr  goto 38
	unary_expr  goto 27
	assign_expr  goto 22
	rel_expr  goto 24
	shift_expr  goto 28
	bitwise_expr  goto 20
	logical_expr  goto 13
	indexed_expr  goto 30
	id_expr  goto 42
	concat_expr  goto 29
	pattern_expr  goto 25
	declaration  goto 6
	definition  goto 7
	decoration_statement  goto 8
	regex_pattern  goto 41
	match_expr  goto 21
	delete_statement  goto 9
	hide_spec  goto 17
	mark_pos  goto 18

state 105
	declaration:  hide_spec type_spec declarator.    (86)
	declarator:  declarator.by_spec 
	declarator:  declarator.as_spec 

	AS  shift 134
	BY  shift 133
	.  reduce 86 (src line 443)

	as_spec  goto 132
	by_spec  goto 131

state 106
	declarator:  ID.    (91)

	.  reduce 91 (src line 475)


state 107
	declarator:  STRING.    (92)

	.  reduce 92 (src line 479)


state 108
	regex_pattern:  mark_pos DIV in_regex.REGEX DIV 

	REGEX  shift 135
	.  error


state 109
	definition:  mark_pos DEF ID.compound_statement 

	LCURLY  shift 48
	.  error

	compound_statement  goto 136

state 110
	decoration_statement:  mark_pos DECO compound_statement.    (104)

	.  reduce 104 (src line 548)


state 111
	delete_statement:  DEL postfix_expr AFTER.DURATIONLITERAL 

	DURATIONLITERAL  shift 137
	.  error


state 112
	bitwise_expr:  bitwise_expr bitwise_op opt_nl.rel_expr 

	BUILTIN  shift 31
	STRING  shift 34
	CAPREF  shift 32
	CAPREF_NAMED  shift 33
	ID  shift 44
	INTLITERAL  shift 36
	FLOATLITERAL  shift 37
	NOT  shift 39
	LPAREN  shift 35
	.  error

	primary_expr  goto 62
	multiplicative_expr  goto 43
	additive_expr  goto 40
	postfix_expr  goto 38
	unary_expr  goto 121
	rel_expr  goto 138
	shift_expr  goto 28
	indexed_expr  goto 30
	id_expr  goto 42

state 113
	rel_expr:  rel_expr rel_op opt_nl.shift_expr 

	BUILTIN  shift 31
	STRING  shift 34
	CAPREF  shift 32
	CAPREF_NAMED  shift 33
	ID  shift 44
	INTLITERAL  shift 36
	FLOATLITERAL  shift 37
	NOT  shift 39
	LPAREN  shift 35
	.  error

	primary_expr  goto 62
	multiplicative_expr  goto 43
	additive_expr  goto 40
	postfix_expr  goto 38
	unary_expr  goto 121
	shift_expr  goto 139
	indexed_expr  goto 30
	id_expr  goto 42

state 114
	match_expr:  primary_expr match_op opt_nl.pattern_expr 
	match_expr:  primary_expr match_op opt_nl.primary_expr 
	mark_pos: .    (107)

	BUILTIN  shift 31
	STRING  shift 34
	CAPREF  shift 32
	CAPREF_NAMED  shift 33
	ID  shift 44
	INTLITERAL  shift 36
	FLOATLITERAL  shift 37
	LPAREN  shift 35
	.  reduce 107 (src line 569)

	primary_expr  goto 141
	indexed_expr  goto 30
	id_expr  goto 42
	concat_expr  goto 29
	pattern_expr  goto 140
	regex_pattern  goto 41
	mark_pos  goto 87

state 115
	assign_expr:  unary_expr ASSIGN opt_nl.logical_expr 
	mark_pos: .    (107)

	BUILTIN  shift 31
	STRING  shift 34
	CAPREF  shift 32
	CAPREF_NAMED  shift 33
	ID  shift 44
	INTLITERAL  shift 36
	FLOATLITERAL  shift 37
	NOT  shift 39
	LPAREN  shift 35
	.  reduce 107 (src line 569)

	primary_expr  goto 26
	multiplicative_expr  goto 43
	additive_expr  goto 40
	postfix_expr  goto 38
	unary_expr  goto 121
	rel_expr  goto 24
	shift_expr  goto 28
	bitwise_expr  goto 20
	logical_expr  goto 142
	indexed_expr  goto 30
	id_expr  goto 42
	concat_expr  goto 29
	pattern_expr  goto 25
	regex_pattern  goto 41
	match_expr  goto 21
	mark_pos  goto 87

state 116
	assign_expr:  unary_expr ADD_ASSIGN opt_nl.logical_expr 
	mark_pos: .    (107)

	BUILTIN  shift 31
	STRING  shift 34
	CAPREF  shift 32
	CAPREF_NAMED  shift 33
	ID  shift 44
	INTLITERAL  shift 36
	FLOATLITERAL  shift 37
	NOT  shift 39
	LPAREN  shift 35
	.  reduce 107 (src line 569)

	primary_expr  goto 26
	multiplicative_expr  goto 43
	additive_expr  goto 40
	postfix_expr  goto 38
	unary_expr  goto 121
	rel_expr  goto 24
	shift_expr  goto 28
	bitwise_expr  goto 20
	logical_expr  goto 143
	indexed_expr  goto 30
	id_expr  goto 42
	concat_expr  goto 29
	pattern_expr  goto 25
	regex_pattern  goto 41
	match_expr  goto 21
	mark_pos  goto 87

state 117
	shift_expr:  shift_expr shift_op opt_nl.additive_expr 

	BUILTIN  shift 31
	STRING  shift 34
	CAPREF  shift 32
	CAPREF_NAMED  shift 33
	ID  shift 44
	INTLITERAL  shift 36
	FLOATLITERAL  shift 37
	NOT  shift 39
	LPAREN  shift 35
	.  error

	primary_expr  goto 62
	multiplicative_expr  goto 43
	additive_expr  goto 144
	postfix_expr  goto 38
	unary_expr  goto 121
	indexed_expr  goto 30
	id_expr  goto 42

state 118
	concat_expr:  concat_expr PLUS opt_nl.regex_pattern 
	concat_expr:  concat_expr PLUS opt_nl.id_expr 
	mark_pos: .    (107)

	ID  shift 44
	.  reduce 107 (src line 569)

	id_expr  goto 146
	regex_pattern  goto 145
	mark_pos  goto 87

state 119
	indexed_expr:  indexed_expr LSQUARE arg_expr_list.RSQUARE 
	arg_expr_list:  arg_expr_list.COMMA bitwise_expr 

	RSQUARE  shift 147
	COMMA  shift 148
	.  error


state 120
	bitwise_expr:  bitwise_expr.bitwise_op opt_nl rel_expr 
	arg_expr_list:  bitwise_expr.    (83)

	BITAND  shift 64
	XOR  shift 66
	BITOR  shift 65
	.  reduce 83 (src line 420)

	bitwise_op  goto 63

state 121
	multiplicative_expr:  unary_expr.    (59)

	.  reduce 59 (src line 317)


state 122
	primary_expr:  BUILTIN LPAREN RPAREN.    (72)

	.  reduce 72 (src line 365)


state 123
	primary_expr:  BUILTIN LPAREN arg_expr_list.RPAREN 
	arg_expr_list:  arg_expr_list.COMMA bitwise_expr 

	RPAREN  shift 149
	COMMA  shift 148
	.  error


state 124
	primary_expr:  LPAREN expr RPAREN.    (77)

	.  reduce 77 (src line 385)


state 125
	additive_expr:  additive_expr add_op opt_nl.multiplicative_expr 

	BUILTIN  shift 31
	STRING  shift 34
	CAPREF  shift 32
	CAPREF_NAMED  shift 33
	ID  shift 44
	INTLITERAL  shift 36
	FLOATLITERAL  shift 37
	NOT  shift 39
	LPAREN  shift 35
	.  error

	primary_expr  goto 62
	multiplicative_expr  goto 150
	postfix_expr  goto 38
	unary_expr  goto 121
	indexed_expr  goto 30
	id_expr  goto 42

state 126
	multiplicative_expr:  multiplicative_expr mul_op opt_nl.unary_expr 

	BUILTIN  shift 31
	STRING  shift 34
	CAPREF  shift 32
	CAPREF_NAMED  shift 33
	ID  shift 44
	INTLITERAL  shift 36
	FLOATLITERAL  shift 37
	NOT  shift 39
	LPAREN  shift 35
	.  error

	primary_expr  goto 62
	postfix_expr  goto 38
	unary_expr  goto 151
	indexed_expr  goto 30
	id_expr  goto 42

state 127
	conditional_statement:  logical_expr compound_statement ELSE compound_statement.    (13)

	.  reduce 13 (src line 127)


state 128
	logical_expr:  logical_expr logical_op opt_nl bitwise_expr.    (25)
	bitwise_expr:  bitwise_expr.bitwise_op opt_nl rel_expr 

	BITAND  shift 64
	XOR  shift 66
	BITOR  shift 65
	.  reduce 25 (src line 186)

	bitwise_op  goto 63

state 129
	logical_expr:  logical_expr logical_op opt_nl match_expr.    (26)

	.  reduce 26 (src line 190)


state 130
	compound_statement:  LCURLY stmt_list RCURLY.    (18)

	.  reduce 18 (src line 154)


state 131
	declarator:  declarator by_spec.    (89)

	.  reduce 89 (src line 464)


state 132
	declarator:  declarator as_spec.    (90)

	.  reduce 90 (src line 470)


state 133
	by_spec:  BY.by_expr_list 

	STRING  shift 154
	ID  shift 153
	.  error

	by_expr_list  goto 152

state 134
	as_spec:  AS.STRING 

	STRING  shift 155
	.  error


state 135
	regex_pattern:  mark_pos DIV in_regex REGEX.DIV 

	DIV  shift 156
	.  error


state 136
	definition:  mark_pos DEF ID compound_statement.    (103)

	.  reduce 103 (src line 541)


state 137
	delete_statement:  DEL postfix_expr AFTER DURATIONLITERAL.    (105)

	.  reduce 105 (src line 555)


state 138
	bitwise_expr:  bitwise_expr bitwise_op opt_nl rel_expr.    (30)
	rel_expr:  rel_expr.rel_op opt_nl shift_expr 

	LT  shift 68
	GT  shift 69
	LE  shift 70
	GE  shift 71
	EQ  shift 72
	NE  shift 73
	.  reduce 30 (src line 206)

	rel_op  goto 67

state 139
	rel_expr:  rel_expr rel_op opt_nl shift_expr.    (35)
	shift_expr:  shift_expr.shift_op opt_nl additive_expr 

	SHL  shift 80
	SHR  shift 81
	.  reduce 35 (src line 224)

	shift_op  goto 79

state 140
	match_expr:  primary_expr match_op opt_nl pattern_expr.    (49)

	.  reduce 49 (src line 273)


state 141
	match_expr:  primary_expr match_op opt_nl primary_expr.    (50)

	.  reduce 50 (src line 277)


state 142
	assign_expr:  unary_expr ASSIGN opt_nl logical_expr.    (21)
	logical_expr:  logical_expr.logical_op opt_nl bitwise_expr 
	logical_expr:  logical_expr.logical_op opt_nl match_expr 

	AND  shift 49
	OR  shift 50
	.  reduce 21 (src line 171)

	logical_op  goto 47

state 143
	assign_expr:  unary_expr ADD_ASSIGN opt_nl logical_expr.    (22)
	logical_expr:  logical_expr.logical_op opt_nl bitwise_expr 
	logical_expr:  logical_expr.logical_op opt_nl match_expr 

	AND  shift 49
	OR  shift 50
	.  reduce 22 (src line 175)

	logical_op  goto 47

state 144
	shift_expr:  shift_expr shift_op opt_nl additive_expr.    (43)
	additive_expr:  additive_expr.add_op opt_nl multiplicative_expr 

	MINUS  shift 94
	PLUS  shift 93
	.  reduce 43 (src line 248)

	add_op  goto 92

state 145
	concat_expr:  concat_expr PLUS opt_nl regex_pattern.    (55)

	.  reduce 55 (src line 300)


state 146
	concat_expr:  concat_expr PLUS opt_nl id_expr.    (56)

	.  reduce 56 (src line 304)


state 147
	indexed_expr:  indexed_expr LSQUARE arg_expr_list RSQUARE.    (81)

	.  reduce 81 (src line 404)


state 148
	arg_expr_list:  arg_expr_list COMMA.bitwise_expr 

	BUILTIN  shift 31
	STRING  shift 34
	CAPREF  shift 32
	CAPREF_NAMED  shift 33
	ID  shift 44
	INTLITERAL  shift 36
	FLOATLITERAL  shift 37
	NOT  shift 39
	LPAREN  shift 35
	.  error

	primary_expr  goto 62
	multiplicative_expr  goto 43
	additive_expr  goto 40
	postfix_expr  goto 38
	unary_expr  goto 121
	rel_expr  goto 24
	shift_expr  goto 28
	bitwise_expr  goto 157
	indexed_expr  goto 30
	id_expr  goto 42

state 149
	primary_expr:  BUILTIN LPAREN arg_expr_list RPAREN.    (73)

	.  reduce 73 (src line 369)


state 150
	additive_expr:  additive_expr add_op opt_nl multiplicative_expr.    (47)
	multiplicative_expr:  multiplicative_expr.mul_op opt_nl unary_expr 

	DIV  shift 97
	MOD  shift 98
	MUL  shift 96
	POW  shift 99
	.  reduce 47 (src line 264)

	mul_op  goto 95

state 151
	multiplicative_expr:  multiplicative_expr mul_op opt_nl unary_expr.    (60)

	.  reduce 60 (src line 320)


state 152
	by_spec:  BY by_expr_list.    (97)
	by_expr_list:  by_expr_list.COMMA ID 
	by_expr_list:  by_expr_list.COMMA STRING 

	COMMA  shift 158
	.  reduce 97 (src line 504)


state 153
	by_expr_list:  ID.    (98)

	.  reduce 98 (src line 511)


state 154
	by_expr_list:  STRING.    (99)

	.  reduce 99 (src line 517)


state 155
	as_spec:  AS STRING.    (102)

	.  reduce 102 (src line 534)


state 156
	regex_pattern:  mark_pos DIV in_regex REGEX DIV.    (85)

	.  reduce 85 (src line 433)


state 157
	bitwise_expr:  bitwise_expr.bitwise_op opt_nl rel_expr 
	arg_expr_list:  arg_expr_list COMMA bitwise_expr.    (84)

	BITAND  shift 64
	XOR  shift 66
	BITOR  shift 65
	.  reduce 84 (src line 426)

	bitwise_op  goto 63

state 158
	by_expr_list:  by_expr_list COMMA.ID 
	by_expr_list:  by_expr_list COMMA.STRING 

	STRING  shift 160
	ID  shift 159
	.  error


state 159
	by_expr_list:  by_expr_list COMMA ID.    (100)

	.  reduce 100 (src line 522)


state 160
	by_expr_list:  by_expr_list COMMA STRING.    (101)

	.  reduce 101 (src line 527)


63 terminals, 46 nonterminals
111 grammar rules, 161/8000 states
0 shift/reduce, 0 reduce/reduce conflicts reported
95 working sets used
memory: parser 253/120000
135 extra closures
274 shift entries, 8 exceptions
93 goto entries
157 entries saved by goto default
Optimizer space used: output 219/120000
219 table entries, 0 zero
maximum spread: 63, maximum offset: 148
